<?xml version="1.0" encoding="UTF-8"?>
<!-- Generated by org.testng.reporters.JUnitXMLReporter -->
<testsuite ignored="0" hostname="LAPTOP-MS9TDHOV" failures="0" tests="2" name="Test" time="0.051" errors="0" timestamp="2024-03-25T12:37:16 IST">
  <testcase classname="SystemAdmin.Creatingplantandmappinigwithplanttype" name="@BeforeSuite login" time="0.015">
    <failure type="java.lang.NullPointerException" message="Cannot invoke &amp;quot;java.util.Properties.getProperty(String)&amp;quot; because &amp;quot;this.prop&amp;quot; is null">
      <![CDATA[java.lang.NullPointerException: Cannot invoke "java.util.Properties.getProperty(String)" because "this.prop" is null
at SystemAdmin.Creatingplantandmappinigwithplanttype.login(Creatingplantandmappinigwithplanttype.java:23)
... Removed 19 stack frames]]>
    </failure>
  </testcase> <!-- @BeforeSuite login -->
  <testcase classname="SystemAdmin.Creatingplantandmappinigwithplanttype" name="CreatingthePlant" time="0.0">
    <skipped/>
  </testcase> <!-- CreatingthePlant -->
  <testcase classname="SystemAdmin.Creatingplantandmappinigwithplanttype" name="Mappingplanttypetotheplant" time="0.0">
    <skipped/>
  </testcase> <!-- Mappingplanttypetotheplant -->
</testsuite> <!-- Test -->
